

Started GET "/" for 68.173.18.34 at 2014-11-01 22:55:25 -0400

ActiveRecord::PendingMigrationError (

Migrations are pending. To resolve this issue, run:

	bin/rake db:migrate RAILS_ENV=development

):
  .rvm/gems/ruby-2.1.3/gems/activerecord-4.1.6/lib/active_record/migration.rb:389:in `check_pending!'
  .rvm/gems/ruby-2.1.3/gems/activerecord-4.1.6/lib/active_record/migration.rb:377:in `call'
  .rvm/gems/ruby-2.1.3/gems/actionpack-4.1.6/lib/action_dispatch/middleware/callbacks.rb:29:in `block in call'
  .rvm/gems/ruby-2.1.3/gems/activesupport-4.1.6/lib/active_support/callbacks.rb:82:in `run_callbacks'
  .rvm/gems/ruby-2.1.3/gems/actionpack-4.1.6/lib/action_dispatch/middleware/callbacks.rb:27:in `call'
  .rvm/gems/ruby-2.1.3/gems/actionpack-4.1.6/lib/action_dispatch/middleware/reloader.rb:73:in `call'
  .rvm/gems/ruby-2.1.3/gems/actionpack-4.1.6/lib/action_dispatch/middleware/remote_ip.rb:76:in `call'
  .rvm/gems/ruby-2.1.3/gems/actionpack-4.1.6/lib/action_dispatch/middleware/debug_exceptions.rb:17:in `call'
  .rvm/gems/ruby-2.1.3/gems/actionpack-4.1.6/lib/action_dispatch/middleware/show_exceptions.rb:30:in `call'
  .rvm/gems/ruby-2.1.3/gems/railties-4.1.6/lib/rails/rack/logger.rb:38:in `call_app'
  .rvm/gems/ruby-2.1.3/gems/railties-4.1.6/lib/rails/rack/logger.rb:20:in `block in call'
  .rvm/gems/ruby-2.1.3/gems/activesupport-4.1.6/lib/active_support/tagged_logging.rb:68:in `block in tagged'
  .rvm/gems/ruby-2.1.3/gems/activesupport-4.1.6/lib/active_support/tagged_logging.rb:26:in `tagged'
  .rvm/gems/ruby-2.1.3/gems/activesupport-4.1.6/lib/active_support/tagged_logging.rb:68:in `tagged'
  .rvm/gems/ruby-2.1.3/gems/railties-4.1.6/lib/rails/rack/logger.rb:20:in `call'
  .rvm/gems/ruby-2.1.3/gems/actionpack-4.1.6/lib/action_dispatch/middleware/request_id.rb:21:in `call'
  .rvm/gems/ruby-2.1.3/gems/rack-1.5.2/lib/rack/methodoverride.rb:21:in `call'
  .rvm/gems/ruby-2.1.3/gems/rack-1.5.2/lib/rack/runtime.rb:17:in `call'
  .rvm/gems/ruby-2.1.3/gems/activesupport-4.1.6/lib/active_support/cache/strategy/local_cache_middleware.rb:26:in `call'
  .rvm/gems/ruby-2.1.3/gems/rack-1.5.2/lib/rack/lock.rb:17:in `call'
  .rvm/gems/ruby-2.1.3/gems/actionpack-4.1.6/lib/action_dispatch/middleware/static.rb:64:in `call'
  .rvm/gems/ruby-2.1.3/gems/rack-1.5.2/lib/rack/sendfile.rb:112:in `call'
  .rvm/gems/ruby-2.1.3/gems/railties-4.1.6/lib/rails/engine.rb:514:in `call'
  .rvm/gems/ruby-2.1.3/gems/railties-4.1.6/lib/rails/application.rb:144:in `call'
  .rvm/gems/ruby-2.1.3/gems/rack-1.5.2/lib/rack/lock.rb:17:in `call'
  .rvm/gems/ruby-2.1.3/gems/rack-1.5.2/lib/rack/content_length.rb:14:in `call'
  .rvm/gems/ruby-2.1.3/gems/rack-1.5.2/lib/rack/handler/webrick.rb:60:in `service'
  .rvm/rubies/ruby-2.1.3/lib/ruby/2.1.0/webrick/httpserver.rb:138:in `service'
  .rvm/rubies/ruby-2.1.3/lib/ruby/2.1.0/webrick/httpserver.rb:94:in `run'
  .rvm/rubies/ruby-2.1.3/lib/ruby/2.1.0/webrick/server.rb:295:in `block in start_thread'


  Rendered .rvm/gems/ruby-2.1.3/gems/actionpack-4.1.6/lib/action_dispatch/middleware/templates/rescues/_source.erb (0.9ms)
  Rendered .rvm/gems/ruby-2.1.3/gems/actionpack-4.1.6/lib/action_dispatch/middleware/templates/rescues/_trace.html.erb (1.7ms)
  Rendered .rvm/gems/ruby-2.1.3/gems/actionpack-4.1.6/lib/action_dispatch/middleware/templates/rescues/_request_and_response.html.erb (1.3ms)
  Rendered .rvm/gems/ruby-2.1.3/gems/actionpack-4.1.6/lib/action_dispatch/middleware/templates/rescues/diagnostics.erb within rescues/layout (33.1ms)
  [1m[36m (1.8ms)[0m  [1mCREATE TABLE "schema_migrations" ("version" varchar(255) NOT NULL) [0m
  [1m[35m (0.1ms)[0m  select sqlite_version(*)
  [1m[36m (1.3ms)[0m  [1mCREATE UNIQUE INDEX "unique_schema_migrations" ON "schema_migrations" ("version")[0m
  [1m[35mActiveRecord::SchemaMigration Load (0.1ms)[0m  SELECT "schema_migrations".* FROM "schema_migrations"
Migrating to CreateScenes (20141102023941)
  [1m[36m (0.1ms)[0m  [1mbegin transaction[0m
  [1m[35m (0.4ms)[0m  CREATE TABLE "scenes" ("id" INTEGER PRIMARY KEY AUTOINCREMENT NOT NULL, "created_at" datetime, "updated_at" datetime) 
  [1m[36mSQL (0.3ms)[0m  [1mINSERT INTO "schema_migrations" ("version") VALUES (?)[0m  [["version", "20141102023941"]]
  [1m[35m (1.1ms)[0m  commit transaction
  [1m[36mActiveRecord::SchemaMigration Load (0.1ms)[0m  [1mSELECT "schema_migrations".* FROM "schema_migrations"[0m


Started GET "/" for 68.173.18.34 at 2014-11-01 22:56:06 -0400
  [1m[36mActiveRecord::SchemaMigration Load (0.1ms)[0m  [1mSELECT "schema_migrations".* FROM "schema_migrations"[0m
Processing by ScenesController#index as HTML
  [1m[35mScene Load (0.2ms)[0m  SELECT "scenes".* FROM "scenes"
  Rendered scenes/index.html.erb within layouts/application (5.6ms)
Completed 500 Internal Server Error in 698ms

ActionView::Template::Error (SyntaxError: [stdin]:12:8: unmatched )
  (in /root/ICanHazArtToo/app/assets/javascripts/scenes.js.coffee)):
    3: <head>
    4:   <title>ICanHazArtToo</title>
    5:   <%= stylesheet_link_tag    'application', media: 'all', 'data-turbolinks-track' => true %>
    6:   <%= javascript_include_tag 'application', 'data-turbolinks-track' => true %>
    7:   <%= csrf_meta_tags %>
    8: </head>
    9: <body>
  app/views/layouts/application.html.erb:6:in `_app_views_layouts_application_html_erb__592624019_92687480'


  Rendered .rvm/gems/ruby-2.1.3/gems/actionpack-4.1.6/lib/action_dispatch/middleware/templates/rescues/_trace.html.erb (2.1ms)
  Rendered .rvm/gems/ruby-2.1.3/gems/actionpack-4.1.6/lib/action_dispatch/middleware/templates/rescues/_request_and_response.html.erb (1.5ms)
  Rendered .rvm/gems/ruby-2.1.3/gems/actionpack-4.1.6/lib/action_dispatch/middleware/templates/rescues/template_error.html.erb within rescues/layout (17.9ms)


Started GET "/" for 68.173.18.34 at 2014-11-01 22:56:20 -0400
Processing by ScenesController#index as HTML
  [1m[36mScene Load (0.2ms)[0m  [1mSELECT "scenes".* FROM "scenes"[0m
  Rendered scenes/index.html.erb within layouts/application (1.1ms)
Completed 500 Internal Server Error in 41ms

ActionView::Template::Error (SyntaxError: [stdin]:12:8: unmatched )
  (in /root/ICanHazArtToo/app/assets/javascripts/scenes.js.coffee)):
    3: <head>
    4:   <title>ICanHazArtToo</title>
    5:   <%= stylesheet_link_tag    'application', media: 'all', 'data-turbolinks-track' => true %>
    6:   <%= javascript_include_tag 'application', 'data-turbolinks-track' => true %>
    7:   <%= csrf_meta_tags %>
    8: </head>
    9: <body>
  app/views/layouts/application.html.erb:6:in `_app_views_layouts_application_html_erb__592624019_92687480'


  Rendered .rvm/gems/ruby-2.1.3/gems/actionpack-4.1.6/lib/action_dispatch/middleware/templates/rescues/_trace.html.erb (2.2ms)
  Rendered .rvm/gems/ruby-2.1.3/gems/actionpack-4.1.6/lib/action_dispatch/middleware/templates/rescues/_request_and_response.html.erb (1.3ms)
  Rendered .rvm/gems/ruby-2.1.3/gems/actionpack-4.1.6/lib/action_dispatch/middleware/templates/rescues/template_error.html.erb within rescues/layout (19.2ms)


Started GET "/" for 68.173.18.34 at 2014-11-01 22:57:58 -0400
Processing by ScenesController#index as HTML
  [1m[35mScene Load (0.2ms)[0m  SELECT "scenes".* FROM "scenes"
  Rendered scenes/index.html.erb within layouts/application (1.0ms)
Completed 500 Internal Server Error in 45ms

ActionView::Template::Error (SyntaxError: [stdin]:12:8: unmatched )
  (in /root/ICanHazArtToo/app/assets/javascripts/scenes.js.coffee)):
    3: <head>
    4:   <title>ICanHazArtToo</title>
    5:   <%= stylesheet_link_tag    'application', media: 'all', 'data-turbolinks-track' => true %>
    6:   <%= javascript_include_tag 'application', 'data-turbolinks-track' => true %>
    7:   <%= csrf_meta_tags %>
    8: </head>
    9: <body>
  app/views/layouts/application.html.erb:6:in `_app_views_layouts_application_html_erb__592624019_92687480'


  Rendered .rvm/gems/ruby-2.1.3/gems/actionpack-4.1.6/lib/action_dispatch/middleware/templates/rescues/_trace.html.erb (2.2ms)
  Rendered .rvm/gems/ruby-2.1.3/gems/actionpack-4.1.6/lib/action_dispatch/middleware/templates/rescues/_request_and_response.html.erb (1.8ms)
  Rendered .rvm/gems/ruby-2.1.3/gems/actionpack-4.1.6/lib/action_dispatch/middleware/templates/rescues/template_error.html.erb within rescues/layout (16.9ms)


Started GET "/" for 68.173.18.34 at 2014-11-01 22:58:49 -0400
Processing by ScenesController#index as HTML
  [1m[36mScene Load (0.2ms)[0m  [1mSELECT "scenes".* FROM "scenes"[0m
  Rendered scenes/index.html.erb within layouts/application (1.0ms)
Completed 200 OK in 179ms (Views: 178.5ms | ActiveRecord: 0.2ms)


Started GET "/assets/scaffolds.css?body=1" for 68.173.18.34 at 2014-11-01 22:58:50 -0400


Started GET "/assets/application.css?body=1" for 68.173.18.34 at 2014-11-01 22:58:50 -0400


Started GET "/assets/scenes.css?body=1" for 68.173.18.34 at 2014-11-01 22:58:50 -0400


Started GET "/assets/jquery.js?body=1" for 68.173.18.34 at 2014-11-01 22:58:50 -0400


Started GET "/assets/turbolinks.js?body=1" for 68.173.18.34 at 2014-11-01 22:58:50 -0400


Started GET "/assets/jquery_ujs.js?body=1" for 68.173.18.34 at 2014-11-01 22:58:50 -0400


Started GET "/assets/scenes.js?body=1" for 68.173.18.34 at 2014-11-01 22:58:50 -0400


Started GET "/assets/walkway.js?body=1" for 68.173.18.34 at 2014-11-01 22:58:50 -0400


Started GET "/assets/application.js?body=1" for 68.173.18.34 at 2014-11-01 22:58:50 -0400


Started GET "/" for 68.173.18.34 at 2014-11-01 22:58:52 -0400
Processing by ScenesController#index as HTML
  [1m[35mScene Load (0.2ms)[0m  SELECT "scenes".* FROM "scenes"
  Rendered scenes/index.html.erb within layouts/application (0.9ms)
Completed 200 OK in 68ms (Views: 67.2ms | ActiveRecord: 0.2ms)


Started GET "/assets/scenes.css?body=1" for 68.173.18.34 at 2014-11-01 22:58:52 -0400


Started GET "/assets/scaffolds.css?body=1" for 68.173.18.34 at 2014-11-01 22:58:52 -0400


Started GET "/assets/application.css?body=1" for 68.173.18.34 at 2014-11-01 22:58:52 -0400


Started GET "/assets/turbolinks.js?body=1" for 68.173.18.34 at 2014-11-01 22:58:52 -0400


Started GET "/assets/jquery.js?body=1" for 68.173.18.34 at 2014-11-01 22:58:52 -0400


Started GET "/assets/jquery_ujs.js?body=1" for 68.173.18.34 at 2014-11-01 22:58:52 -0400


Started GET "/assets/scenes.js?body=1" for 68.173.18.34 at 2014-11-01 22:58:52 -0400


Started GET "/assets/walkway.js?body=1" for 68.173.18.34 at 2014-11-01 22:58:52 -0400


Started GET "/assets/application.js?body=1" for 68.173.18.34 at 2014-11-01 22:58:52 -0400


Started GET "/" for 68.173.18.34 at 2014-11-01 22:59:02 -0400
Processing by ScenesController#index as HTML
  [1m[36mScene Load (0.2ms)[0m  [1mSELECT "scenes".* FROM "scenes"[0m
  Rendered scenes/index.html.erb within layouts/application (1.0ms)
Completed 200 OK in 90ms (Views: 88.6ms | ActiveRecord: 0.2ms)


Started GET "/assets/scaffolds.css?body=1" for 68.173.18.34 at 2014-11-01 22:59:03 -0400


Started GET "/assets/jquery.js?body=1" for 68.173.18.34 at 2014-11-01 22:59:03 -0400


Started GET "/assets/scenes.css?body=1" for 68.173.18.34 at 2014-11-01 22:59:03 -0400


Started GET "/assets/application.css?body=1" for 68.173.18.34 at 2014-11-01 22:59:03 -0400


Started GET "/assets/turbolinks.js?body=1" for 68.173.18.34 at 2014-11-01 22:59:03 -0400


Started GET "/assets/jquery_ujs.js?body=1" for 68.173.18.34 at 2014-11-01 22:59:03 -0400


Started GET "/assets/scenes.js?body=1" for 68.173.18.34 at 2014-11-01 22:59:03 -0400


Started GET "/assets/walkway.js?body=1" for 68.173.18.34 at 2014-11-01 22:59:03 -0400


Started GET "/assets/application.js?body=1" for 68.173.18.34 at 2014-11-01 22:59:03 -0400


Started GET "/" for 68.173.18.34 at 2014-11-01 22:59:13 -0400
Processing by ScenesController#index as HTML
  [1m[35mScene Load (0.2ms)[0m  SELECT "scenes".* FROM "scenes"
  Rendered scenes/index.html.erb within layouts/application (1.4ms)
Completed 200 OK in 69ms (Views: 67.7ms | ActiveRecord: 0.2ms)


Started GET "/assets/scaffolds.css?body=1" for 68.173.18.34 at 2014-11-01 22:59:13 -0400


Started GET "/assets/application.css?body=1" for 68.173.18.34 at 2014-11-01 22:59:13 -0400


Started GET "/assets/scenes.css?body=1" for 68.173.18.34 at 2014-11-01 22:59:13 -0400


Started GET "/assets/jquery.js?body=1" for 68.173.18.34 at 2014-11-01 22:59:13 -0400


Started GET "/assets/jquery_ujs.js?body=1" for 68.173.18.34 at 2014-11-01 22:59:13 -0400


Started GET "/assets/turbolinks.js?body=1" for 68.173.18.34 at 2014-11-01 22:59:13 -0400


Started GET "/assets/scenes.js?body=1" for 68.173.18.34 at 2014-11-01 22:59:13 -0400


Started GET "/assets/walkway.js?body=1" for 68.173.18.34 at 2014-11-01 22:59:13 -0400


Started GET "/assets/application.js?body=1" for 68.173.18.34 at 2014-11-01 22:59:13 -0400
