[2014-11-01 22:00:57] alias_delete_execute
alias_delete_execute () 
{ 
    for _path in "$rvm_rubies_path" "$rvm_environments_path" "$rvm_wrappers_path";
    do
        if [[ -L "$_path/$1" ]]; then
            \command \rm -fv "$_path/$1" || return $?;
        fi;
    done;
    __rvm_db_ "$rvm_path/config/alias" "$1" "delete";
    alias_after_delete_default "$1" || return $?
}
current path: /root/ICanHazArtToo
GEM_HOME=/root/ICanHazArtToo/.rvm/gems/ruby-2.1.3
PATH=/root/ICanHazArtToo/.rvm/gems/ruby-2.1.3/bin:/root/ICanHazArtToo/.rvm/gems/ruby-2.1.3@global/bin:/root/ICanHazArtToo/.rvm/rubies/ruby-2.1.3/bin:/usr/local/rvm/bin:/usr/local/heroku/bin:/usr/local/sbin:/usr/local/bin:/usr/sbin:/usr/bin:/sbin:/bin:/root/eb/AWS-ElasticBeanstalk-CLI-2.6.0/eb/linux/python2.7
GEM_PATH=/root/ICanHazArtToo/.rvm/gems/ruby-2.1.3:/root/ICanHazArtToo/.rvm/gems/ruby-2.1.3@global
command(2): alias_delete_execute default
+ for _path in '"$rvm_rubies_path"' '"$rvm_environments_path"' '"$rvm_wrappers_path"'
+ [[ -L /root/ICanHazArtToo/.rvm/rubies/default ]]
+ for _path in '"$rvm_rubies_path"' '"$rvm_environments_path"' '"$rvm_wrappers_path"'
+ [[ -L /root/ICanHazArtToo/.rvm/environments/default ]]
+ for _path in '"$rvm_rubies_path"' '"$rvm_environments_path"' '"$rvm_wrappers_path"'
+ [[ -L /root/ICanHazArtToo/.rvm/wrappers/default ]]
+ __rvm_db_ /root/ICanHazArtToo/.rvm/config/alias default delete
+ typeset __db __key __value
+ __db=/root/ICanHazArtToo/.rvm/config/alias
+ __key=default
+ shift 2
+ __value=delete
+ case "${__value}" in
+ __rvm_db_remove /root/ICanHazArtToo/.rvm/config/alias default
+ [[ -f /root/ICanHazArtToo/.rvm/config/alias ]]
+ __rvm_sed -e '\#^default=# d' -e '/^$/d' /root/ICanHazArtToo/.rvm/config/alias
+ sed -e '\#^default=# d' -e '/^$/d' /root/ICanHazArtToo/.rvm/config/alias
+ command mv -f /root/ICanHazArtToo/.rvm/config/alias.new /root/ICanHazArtToo/.rvm/config/alias
+ mv -f /root/ICanHazArtToo/.rvm/config/alias.new /root/ICanHazArtToo/.rvm/config/alias
+ alias_after_delete_default default
+ [[ default == \d\e\f\a\u\l\t ]]
+ for _path in '"$rvm_bin_path"/default_*'
+ [[ -f /usr/local/rvm/bin/default_* ]]
+ _path='/usr/local/rvm/bin/default_*'
+ [[ -f /usr/local/rvm/bin/default_* ]]
+ for _path in '"$rvm_path"/wrappers/default/*' gem irb erb ri rdoc testrb rake ruby bundle
+ _path='*'
+ command rm -fv '/usr/local/rvm/bin/*'
+ rm -fv '/usr/local/rvm/bin/*'
+ for _path in '"$rvm_path"/wrappers/default/*' gem irb erb ri rdoc testrb rake ruby bundle
+ _path=gem
+ command rm -fv /usr/local/rvm/bin/gem
+ rm -fv /usr/local/rvm/bin/gem
+ for _path in '"$rvm_path"/wrappers/default/*' gem irb erb ri rdoc testrb rake ruby bundle
+ _path=irb
+ command rm -fv /usr/local/rvm/bin/irb
+ rm -fv /usr/local/rvm/bin/irb
+ for _path in '"$rvm_path"/wrappers/default/*' gem irb erb ri rdoc testrb rake ruby bundle
+ _path=erb
+ command rm -fv /usr/local/rvm/bin/erb
+ rm -fv /usr/local/rvm/bin/erb
+ for _path in '"$rvm_path"/wrappers/default/*' gem irb erb ri rdoc testrb rake ruby bundle
+ _path=ri
+ command rm -fv /usr/local/rvm/bin/ri
+ rm -fv /usr/local/rvm/bin/ri
+ for _path in '"$rvm_path"/wrappers/default/*' gem irb erb ri rdoc testrb rake ruby bundle
+ _path=rdoc
+ command rm -fv /usr/local/rvm/bin/rdoc
+ rm -fv /usr/local/rvm/bin/rdoc
+ for _path in '"$rvm_path"/wrappers/default/*' gem irb erb ri rdoc testrb rake ruby bundle
+ _path=testrb
+ command rm -fv /usr/local/rvm/bin/testrb
+ rm -fv /usr/local/rvm/bin/testrb
+ for _path in '"$rvm_path"/wrappers/default/*' gem irb erb ri rdoc testrb rake ruby bundle
+ _path=rake
+ command rm -fv /usr/local/rvm/bin/rake
+ rm -fv /usr/local/rvm/bin/rake
+ for _path in '"$rvm_path"/wrappers/default/*' gem irb erb ri rdoc testrb rake ruby bundle
+ _path=ruby
+ command rm -fv /usr/local/rvm/bin/ruby
+ rm -fv /usr/local/rvm/bin/ruby
+ for _path in '"$rvm_path"/wrappers/default/*' gem irb erb ri rdoc testrb rake ruby bundle
+ _path=bundle
+ command rm -fv /usr/local/rvm/bin/bundle
+ rm -fv /usr/local/rvm/bin/bundle
