[2014-11-01 21:56:36] __rvm_package_extract
__rvm_package_extract () 
{ 
    rvm_debug __rvm_package_extract:$#: "$@";
    typeset __tempdir __path __file __return;
    __return=0;
    __tempdir="$( TMPDIR="${rvm_tmp_path}" mktemp -d -t rvm-tmp.XXXXXXXXX )";
    __rvm_package_extract_run "$1" "$__tempdir" || __return=$?;
    if (( __return == 0 )); then
        for __path in "$__tempdir"/*;
        do
            __file="${__path##*/}";
            if [[ -n "${__file}" && -e "$2/${__file}" ]]; then
                \command \rm -rf "$2/${__file}" || __return=$?;
            fi;
            \command \mv -f "${__path}" "$2/" || __return=$?;
        done;
    fi;
    if [[ -n "$__tempdir" ]]; then
        \command \rm -rf "$__tempdir";
    fi;
    return $__return
}
current path: /root/ICanHazArtToo/.rvm/src
PATH=/usr/local/heroku/bin:/usr/local/sbin:/usr/local/bin:/usr/sbin:/usr/bin:/sbin:/bin:/root/eb/AWS-ElasticBeanstalk-CLI-2.6.0/eb/linux/python2.7/:/usr/local/rvm/bin
GEM_PATH=/usr/local/rvm/gems/ruby-1.9.3-p327:/usr/local/rvm/gems/ruby-1.9.3-p327@global
command(3): __rvm_package_extract /root/ICanHazArtToo/.rvm/archives/ruby-2.1.3.tar.bz2 /root/ICanHazArtToo/.rvm/tmp/rvm_src_20425
+++ rvm_debug __rvm_package_extract:2: /root/ICanHazArtToo/.rvm/archives/ruby-2.1.3.tar.bz2 /root/ICanHazArtToo/.rvm/tmp/rvm_src_20425
+++ ((  0  ))
+++ return 0
+++ typeset __tempdir __path __file __return
+++ __return=0
++++ TMPDIR=/root/ICanHazArtToo/.rvm/tmp
++++ mktemp -d -t rvm-tmp.XXXXXXXXX
+++ __tempdir=/root/ICanHazArtToo/.rvm/tmp/rvm-tmp.oJ4MA2PUO
+++ __rvm_package_extract_run /root/ICanHazArtToo/.rvm/archives/ruby-2.1.3.tar.bz2 /root/ICanHazArtToo/.rvm/tmp/rvm-tmp.oJ4MA2PUO
+++ [[ !    =~  --no-same-owner  ]]
+++ __rvm_tar --help
+++ __rvm_grep -- --no-same-owner
+++ GREP_OPTIONS=
+++ command grep -- --no-same-owner
+++ grep -- --no-same-owner
+++ rvm_tar_options=--no-same-owner
+++ [[ -d /root/ICanHazArtToo/.rvm/tmp/rvm-tmp.oJ4MA2PUO ]]
+++ case "$1" in
+++ [[ -n '' ]]
+++ __rvm_tar xjf /root/ICanHazArtToo/.rvm/archives/ruby-2.1.3.tar.bz2 -C /root/ICanHazArtToo/.rvm/tmp/rvm-tmp.oJ4MA2PUO --no-same-owner
+++ tar xjf /root/ICanHazArtToo/.rvm/archives/ruby-2.1.3.tar.bz2 -C /root/ICanHazArtToo/.rvm/tmp/rvm-tmp.oJ4MA2PUO --no-same-owner
+++ __rvm_fix_group_permissions /root/ICanHazArtToo/.rvm/tmp/rvm-tmp.oJ4MA2PUO/ruby-2.1.3
+++ umask -S
+++ __rvm_grep g=rw
+++ GREP_OPTIONS=
+++ command grep g=rw
+++ grep g=rw
+++ return 1
+++ ((  __return == 0  ))
+++ for __path in '"$__tempdir"/*'
+++ __file=ruby-2.1.3
+++ [[ -n ruby-2.1.3 ]]
+++ [[ -e /root/ICanHazArtToo/.rvm/tmp/rvm_src_20425/ruby-2.1.3 ]]
+++ command mv -f /root/ICanHazArtToo/.rvm/tmp/rvm-tmp.oJ4MA2PUO/ruby-2.1.3 /root/ICanHazArtToo/.rvm/tmp/rvm_src_20425/
+++ mv -f /root/ICanHazArtToo/.rvm/tmp/rvm-tmp.oJ4MA2PUO/ruby-2.1.3 /root/ICanHazArtToo/.rvm/tmp/rvm_src_20425/
+++ [[ -n /root/ICanHazArtToo/.rvm/tmp/rvm-tmp.oJ4MA2PUO ]]
+++ command rm -rf /root/ICanHazArtToo/.rvm/tmp/rvm-tmp.oJ4MA2PUO
+++ rm -rf /root/ICanHazArtToo/.rvm/tmp/rvm-tmp.oJ4MA2PUO
+++ return 0
