[2014-11-01 21:59:59] __rvm_make
__rvm_make () 
{ 
    \make "$@" || return $?
}
current path: /root/ICanHazArtToo/.rvm/src/ruby-2.1.3
PATH=/usr/local/heroku/bin:/usr/local/sbin:/usr/local/bin:/usr/sbin:/usr/bin:/sbin:/bin:/root/eb/AWS-ElasticBeanstalk-CLI-2.6.0/eb/linux/python2.7/:/usr/local/rvm/bin
GEM_PATH=/usr/local/rvm/gems/ruby-1.9.3-p327:/usr/local/rvm/gems/ruby-1.9.3-p327@global
command(2): __rvm_make install
+++ make install
config.status: creating i686-linux-fake.rb
	CC = gcc
	LD = ld
	LDSHARED = gcc -shared
	CFLAGS = -O3 -fno-fast-math -ggdb3 -Wall -Wextra -Wno-unused-parameter -Wno-parentheses -Wno-long-long -Wno-missing-field-initializers -Wunused-variable -Wpointer-arith -Wwrite-strings -Wdeclaration-after-statement -Wimplicit-function-declaration -ansi -std=iso9899:199409  -fPIC 
	XCFLAGS = -D_FORTIFY_SOURCE=2 -fstack-protector -fno-strict-overflow -fvisibility=hidden -msse2 -mfpmath=sse -mstackrealign -DRUBY_EXPORT
	CPPFLAGS =   -I. -I.ext/include/i686-linux -I./include -I.
	DLDFLAGS = -Wl,-soname,libruby.so.2.1  -fstack-protector  
	SOLIBS = -lpthread -lrt -ldl -lcrypt -lm  
Using built-in specs.
Target: i486-linux-gnu
Configured with: ../src/configure -v --with-pkgversion='Debian 4.4.5-8' --with-bugurl=file:///usr/share/doc/gcc-4.4/README.Bugs --enable-languages=c,c++,fortran,objc,obj-c++ --prefix=/usr --program-suffix=-4.4 --enable-shared --enable-multiarch --enable-linker-build-id --with-system-zlib --libexecdir=/usr/lib --without-included-gettext --enable-threads=posix --with-gxx-include-dir=/usr/include/c++/4.4 --libdir=/usr/lib --enable-nls --enable-clocale=gnu --enable-libstdcxx-debug --enable-objc-gc --enable-targets=all --with-arch-32=i586 --with-tune=generic --enable-checking=release --build=i486-linux-gnu --host=i486-linux-gnu --target=i486-linux-gnu
Thread model: posix
gcc version 4.4.5 (Debian 4.4.5-8) 
generating encdb.h
encdb.h unchanged
making enc
make[1]: Entering directory `/root/ICanHazArtToo/.rvm/src/ruby-2.1.3'
make[1]: Nothing to be done for `enc'.
make[1]: Leaving directory `/root/ICanHazArtToo/.rvm/src/ruby-2.1.3'
making srcs under enc
make[1]: Entering directory `/root/ICanHazArtToo/.rvm/src/ruby-2.1.3'
make[1]: Nothing to be done for `srcs'.
make[1]: Leaving directory `/root/ICanHazArtToo/.rvm/src/ruby-2.1.3'
generating transdb.h
transdb.h unchanged
making trans
make[1]: Entering directory `/root/ICanHazArtToo/.rvm/src/ruby-2.1.3'
make[1]: Nothing to be done for `./enc/trans'.
make[1]: Leaving directory `/root/ICanHazArtToo/.rvm/src/ruby-2.1.3'
making encs
make[1]: Entering directory `/root/ICanHazArtToo/.rvm/src/ruby-2.1.3'
make[1]: Leaving directory `/root/ICanHazArtToo/.rvm/src/ruby-2.1.3'
generating makefile exts.mk
Failed to configure -test-/win32/dln. It will not be installed.
Failed to configure -test-/win32/dln/empty. It will not be installed.
Failed to configure -test-/win32/fd_setsize. It will not be installed.
configuring socket
Failed to configure tk. It will not be installed.
Failed to configure tk/tkutil. It will not be installed.
Failed to configure win32. It will not be installed.
Failed to configure win32ole. It will not be installed.
make[1]: Entering directory `/root/ICanHazArtToo/.rvm/src/ruby-2.1.3'
make[2]: Entering directory `/root/ICanHazArtToo/.rvm/src/ruby-2.1.3/ext/-test-/array/resize'
installing default resize libraries
make[2]: Leaving directory `/root/ICanHazArtToo/.rvm/src/ruby-2.1.3/ext/-test-/array/resize'
make[2]: Entering directory `/root/ICanHazArtToo/.rvm/src/ruby-2.1.3/ext/-test-/bignum'
installing default bignum libraries
make[2]: Leaving directory `/root/ICanHazArtToo/.rvm/src/ruby-2.1.3/ext/-test-/bignum'
make[2]: Entering directory `/root/ICanHazArtToo/.rvm/src/ruby-2.1.3/ext/-test-/bug-3571'
installing default bug libraries
make[2]: Leaving directory `/root/ICanHazArtToo/.rvm/src/ruby-2.1.3/ext/-test-/bug-3571'
make[2]: Entering directory `/root/ICanHazArtToo/.rvm/src/ruby-2.1.3/ext/-test-/bug-3662'
installing default bug libraries
make[2]: Leaving directory `/root/ICanHazArtToo/.rvm/src/ruby-2.1.3/ext/-test-/bug-3662'
make[2]: Entering directory `/root/ICanHazArtToo/.rvm/src/ruby-2.1.3/ext/-test-/bug-5832'
installing default bug libraries
make[2]: Leaving directory `/root/ICanHazArtToo/.rvm/src/ruby-2.1.3/ext/-test-/bug-5832'
make[2]: Entering directory `/root/ICanHazArtToo/.rvm/src/ruby-2.1.3/ext/-test-/bug_reporter'
installing default bug_reporter libraries
make[2]: Leaving directory `/root/ICanHazArtToo/.rvm/src/ruby-2.1.3/ext/-test-/bug_reporter'
make[2]: Entering directory `/root/ICanHazArtToo/.rvm/src/ruby-2.1.3/ext/-test-/class'
installing default class libraries
make[2]: Leaving directory `/root/ICanHazArtToo/.rvm/src/ruby-2.1.3/ext/-test-/class'
make[2]: Entering directory `/root/ICanHazArtToo/.rvm/src/ruby-2.1.3/ext/-test-/debug'
installing default debug libraries
make[2]: Leaving directory `/root/ICanHazArtToo/.rvm/src/ruby-2.1.3/ext/-test-/debug'
make[2]: Entering directory `/root/ICanHazArtToo/.rvm/src/ruby-2.1.3/ext/-test-/exception'
installing default exception libraries
make[2]: Leaving directory `/root/ICanHazArtToo/.rvm/src/ruby-2.1.3/ext/-test-/exception'
make[2]: Entering directory `/root/ICanHazArtToo/.rvm/src/ruby-2.1.3/ext/-test-/fatal'
installing default rb_fatal libraries
make[2]: Leaving directory `/root/ICanHazArtToo/.rvm/src/ruby-2.1.3/ext/-test-/fatal'
make[2]: Entering directory `/root/ICanHazArtToo/.rvm/src/ruby-2.1.3/ext/-test-/file'
installing default file libraries
make[2]: Leaving directory `/root/ICanHazArtToo/.rvm/src/ruby-2.1.3/ext/-test-/file'
make[2]: Entering directory `/root/ICanHazArtToo/.rvm/src/ruby-2.1.3/ext/-test-/funcall'
installing default funcall libraries
make[2]: Leaving directory `/root/ICanHazArtToo/.rvm/src/ruby-2.1.3/ext/-test-/funcall'
make[2]: Entering directory `/root/ICanHazArtToo/.rvm/src/ruby-2.1.3/ext/-test-/iter'
installing default iter libraries
make[2]: Leaving directory `/root/ICanHazArtToo/.rvm/src/ruby-2.1.3/ext/-test-/iter'
make[2]: Entering directory `/root/ICanHazArtToo/.rvm/src/ruby-2.1.3/ext/-test-/load/dot.dot'
installing default dot.dot libraries
make[2]: Leaving directory `/root/ICanHazArtToo/.rvm/src/ruby-2.1.3/ext/-test-/load/dot.dot'
make[2]: Entering directory `/root/ICanHazArtToo/.rvm/src/ruby-2.1.3/ext/-test-/marshal/compat'
installing default compat libraries
make[2]: Leaving directory `/root/ICanHazArtToo/.rvm/src/ruby-2.1.3/ext/-test-/marshal/compat'
make[2]: Entering directory `/root/ICanHazArtToo/.rvm/src/ruby-2.1.3/ext/-test-/marshal/usr'
installing default usr libraries
make[2]: Leaving directory `/root/ICanHazArtToo/.rvm/src/ruby-2.1.3/ext/-test-/marshal/usr'
make[2]: Entering directory `/root/ICanHazArtToo/.rvm/src/ruby-2.1.3/ext/-test-/method'
installing default method libraries
make[2]: Leaving directory `/root/ICanHazArtToo/.rvm/src/ruby-2.1.3/ext/-test-/method'
make[2]: Entering directory `/root/ICanHazArtToo/.rvm/src/ruby-2.1.3/ext/-test-/num2int'
installing default num2int libraries
make[2]: Leaving directory `/root/ICanHazArtToo/.rvm/src/ruby-2.1.3/ext/-test-/num2int'
make[2]: Entering directory `/root/ICanHazArtToo/.rvm/src/ruby-2.1.3/ext/-test-/old_thread_select'
installing default old_thread_select libraries
make[2]: Leaving directory `/root/ICanHazArtToo/.rvm/src/ruby-2.1.3/ext/-test-/old_thread_select'
make[2]: Entering directory `/root/ICanHazArtToo/.rvm/src/ruby-2.1.3/ext/-test-/path_to_class'
installing default path_to_class libraries
make[2]: Leaving directory `/root/ICanHazArtToo/.rvm/src/ruby-2.1.3/ext/-test-/path_to_class'
make[2]: Entering directory `/root/ICanHazArtToo/.rvm/src/ruby-2.1.3/ext/-test-/postponed_job'
installing default postponed_job libraries
make[2]: Leaving directory `/root/ICanHazArtToo/.rvm/src/ruby-2.1.3/ext/-test-/postponed_job'
make[2]: Entering directory `/root/ICanHazArtToo/.rvm/src/ruby-2.1.3/ext/-test-/printf'
installing default printf libraries
make[2]: Leaving directory `/root/ICanHazArtToo/.rvm/src/ruby-2.1.3/ext/-test-/printf'
make[2]: Entering directory `/root/ICanHazArtToo/.rvm/src/ruby-2.1.3/ext/-test-/rational'
installing default rational libraries
make[2]: Leaving directory `/root/ICanHazArtToo/.rvm/src/ruby-2.1.3/ext/-test-/rational'
make[2]: Entering directory `/root/ICanHazArtToo/.rvm/src/ruby-2.1.3/ext/-test-/recursion'
installing default recursion libraries
make[2]: Leaving directory `/root/ICanHazArtToo/.rvm/src/ruby-2.1.3/ext/-test-/recursion'
make[2]: Entering directory `/root/ICanHazArtToo/.rvm/src/ruby-2.1.3/ext/-test-/st/numhash'
installing default numhash libraries
make[2]: Leaving directory `/root/ICanHazArtToo/.rvm/src/ruby-2.1.3/ext/-test-/st/numhash'
make[2]: Entering directory `/root/ICanHazArtToo/.rvm/src/ruby-2.1.3/ext/-test-/st/update'
installing default update libraries
make[2]: Leaving directory `/root/ICanHazArtToo/.rvm/src/ruby-2.1.3/ext/-test-/st/update'
make[2]: Entering directory `/root/ICanHazArtToo/.rvm/src/ruby-2.1.3/ext/-test-/string'
installing default string libraries
make[2]: Leaving directory `/root/ICanHazArtToo/.rvm/src/ruby-2.1.3/ext/-test-/string'
make[2]: Entering directory `/root/ICanHazArtToo/.rvm/src/ruby-2.1.3/ext/-test-/struct'
installing default struct libraries
make[2]: Leaving directory `/root/ICanHazArtToo/.rvm/src/ruby-2.1.3/ext/-test-/struct'
make[2]: Entering directory `/root/ICanHazArtToo/.rvm/src/ruby-2.1.3/ext/-test-/symbol'
installing default symbol libraries
make[2]: Leaving directory `/root/ICanHazArtToo/.rvm/src/ruby-2.1.3/ext/-test-/symbol'
make[2]: Entering directory `/root/ICanHazArtToo/.rvm/src/ruby-2.1.3/ext/-test-/tracepoint'
installing default tracepoint libraries
make[2]: Leaving directory `/root/ICanHazArtToo/.rvm/src/ruby-2.1.3/ext/-test-/tracepoint'
make[2]: Entering directory `/root/ICanHazArtToo/.rvm/src/ruby-2.1.3/ext/-test-/typeddata'
installing default typeddata libraries
make[2]: Leaving directory `/root/ICanHazArtToo/.rvm/src/ruby-2.1.3/ext/-test-/typeddata'
make[2]: Entering directory `/root/ICanHazArtToo/.rvm/src/ruby-2.1.3/ext/-test-/wait_for_single_fd'
installing default wait_for_single_fd libraries
make[2]: Leaving directory `/root/ICanHazArtToo/.rvm/src/ruby-2.1.3/ext/-test-/wait_for_single_fd'
make[2]: Entering directory `/root/ICanHazArtToo/.rvm/src/ruby-2.1.3/ext/-test-/win32/dln'
make[2]: Nothing to be done for `all'.
make[2]: Leaving directory `/root/ICanHazArtToo/.rvm/src/ruby-2.1.3/ext/-test-/win32/dln'
make[2]: Entering directory `/root/ICanHazArtToo/.rvm/src/ruby-2.1.3/ext/-test-/win32/dln/empty'
make[2]: Nothing to be done for `all'.
make[2]: Leaving directory `/root/ICanHazArtToo/.rvm/src/ruby-2.1.3/ext/-test-/win32/dln/empty'
make[2]: Entering directory `/root/ICanHazArtToo/.rvm/src/ruby-2.1.3/ext/-test-/win32/fd_setsize'
make[2]: Nothing to be done for `all'.
make[2]: Leaving directory `/root/ICanHazArtToo/.rvm/src/ruby-2.1.3/ext/-test-/win32/fd_setsize'
make[2]: Entering directory `/root/ICanHazArtToo/.rvm/src/ruby-2.1.3/ext/bigdecimal'
installing default bigdecimal libraries
make[2]: Leaving directory `/root/ICanHazArtToo/.rvm/src/ruby-2.1.3/ext/bigdecimal'
make[2]: Entering directory `/root/ICanHazArtToo/.rvm/src/ruby-2.1.3/ext/continuation'
linking shared-object continuation.so
installing default continuation libraries
make[2]: Leaving directory `/root/ICanHazArtToo/.rvm/src/ruby-2.1.3/ext/continuation'
make[2]: Entering directory `/root/ICanHazArtToo/.rvm/src/ruby-2.1.3/ext/coverage'
linking shared-object coverage.so
installing default coverage libraries
make[2]: Leaving directory `/root/ICanHazArtToo/.rvm/src/ruby-2.1.3/ext/coverage'
make[2]: Entering directory `/root/ICanHazArtToo/.rvm/src/ruby-2.1.3/ext/date'
installing default date_core libraries
make[2]: Leaving directory `/root/ICanHazArtToo/.rvm/src/ruby-2.1.3/ext/date'
make[2]: Entering directory `/root/ICanHazArtToo/.rvm/src/ruby-2.1.3/ext/dbm'
linking shared-object dbm.so
installing default dbm libraries
make[2]: Leaving directory `/root/ICanHazArtToo/.rvm/src/ruby-2.1.3/ext/dbm'
make[2]: Entering directory `/root/ICanHazArtToo/.rvm/src/ruby-2.1.3/ext/digest'
linking shared-object digest.so
installing digest libraries
installing default digest libraries
make[2]: Leaving directory `/root/ICanHazArtToo/.rvm/src/ruby-2.1.3/ext/digest'
make[2]: Entering directory `/root/ICanHazArtToo/.rvm/src/ruby-2.1.3/ext/digest/bubblebabble'
installing default bubblebabble libraries
make[2]: Leaving directory `/root/ICanHazArtToo/.rvm/src/ruby-2.1.3/ext/digest/bubblebabble'
make[2]: Entering directory `/root/ICanHazArtToo/.rvm/src/ruby-2.1.3/ext/digest/md5'
installing default md5 libraries
make[2]: Leaving directory `/root/ICanHazArtToo/.rvm/src/ruby-2.1.3/ext/digest/md5'
make[2]: Entering directory `/root/ICanHazArtToo/.rvm/src/ruby-2.1.3/ext/digest/rmd160'
installing default rmd160 libraries
make[2]: Leaving directory `/root/ICanHazArtToo/.rvm/src/ruby-2.1.3/ext/digest/rmd160'
make[2]: Entering directory `/root/ICanHazArtToo/.rvm/src/ruby-2.1.3/ext/digest/sha1'
installing default sha1 libraries
make[2]: Leaving directory `/root/ICanHazArtToo/.rvm/src/ruby-2.1.3/ext/digest/sha1'
make[2]: Entering directory `/root/ICanHazArtToo/.rvm/src/ruby-2.1.3/ext/digest/sha2'
installing default sha2 libraries
make[2]: Leaving directory `/root/ICanHazArtToo/.rvm/src/ruby-2.1.3/ext/digest/sha2'
make[2]: Entering directory `/root/ICanHazArtToo/.rvm/src/ruby-2.1.3/ext/dl'
installing dl libraries
installing default dl libraries
make[2]: Leaving directory `/root/ICanHazArtToo/.rvm/src/ruby-2.1.3/ext/dl'
make[2]: Entering directory `/root/ICanHazArtToo/.rvm/src/ruby-2.1.3/ext/dl/callback'
installing default callback libraries
make[2]: Leaving directory `/root/ICanHazArtToo/.rvm/src/ruby-2.1.3/ext/dl/callback'
make[2]: Entering directory `/root/ICanHazArtToo/.rvm/src/ruby-2.1.3/ext/etc'
linking shared-object etc.so
installing default etc libraries
make[2]: Leaving directory `/root/ICanHazArtToo/.rvm/src/ruby-2.1.3/ext/etc'
make[2]: Entering directory `/root/ICanHazArtToo/.rvm/src/ruby-2.1.3/ext/fcntl'
linking shared-object fcntl.so
installing default fcntl libraries
make[2]: Leaving directory `/root/ICanHazArtToo/.rvm/src/ruby-2.1.3/ext/fcntl'
make[2]: Entering directory `/root/ICanHazArtToo/.rvm/src/ruby-2.1.3/ext/fiber'
linking shared-object fiber.so
installing default fiber libraries
make[2]: Leaving directory `/root/ICanHazArtToo/.rvm/src/ruby-2.1.3/ext/fiber'
make[2]: Entering directory `/root/ICanHazArtToo/.rvm/src/ruby-2.1.3/ext/fiddle'
linking shared-object fiddle.so
installing default fiddle libraries
make[2]: Leaving directory `/root/ICanHazArtToo/.rvm/src/ruby-2.1.3/ext/fiddle'
make[2]: Entering directory `/root/ICanHazArtToo/.rvm/src/ruby-2.1.3/ext/gdbm'
linking shared-object gdbm.so
installing default gdbm libraries
make[2]: Leaving directory `/root/ICanHazArtToo/.rvm/src/ruby-2.1.3/ext/gdbm'
make[2]: Entering directory `/root/ICanHazArtToo/.rvm/src/ruby-2.1.3/ext/io/console'
installing default console libraries
make[2]: Leaving directory `/root/ICanHazArtToo/.rvm/src/ruby-2.1.3/ext/io/console'
make[2]: Entering directory `/root/ICanHazArtToo/.rvm/src/ruby-2.1.3/ext/io/nonblock'
installing default nonblock libraries
make[2]: Leaving directory `/root/ICanHazArtToo/.rvm/src/ruby-2.1.3/ext/io/nonblock'
make[2]: Entering directory `/root/ICanHazArtToo/.rvm/src/ruby-2.1.3/ext/io/wait'
installing default wait libraries
make[2]: Leaving directory `/root/ICanHazArtToo/.rvm/src/ruby-2.1.3/ext/io/wait'
make[2]: Entering directory `/root/ICanHazArtToo/.rvm/src/ruby-2.1.3/ext/json'
installing default libraries
make[2]: Leaving directory `/root/ICanHazArtToo/.rvm/src/ruby-2.1.3/ext/json'
make[2]: Entering directory `/root/ICanHazArtToo/.rvm/src/ruby-2.1.3/ext/json/generator'
installing default generator libraries
make[2]: Leaving directory `/root/ICanHazArtToo/.rvm/src/ruby-2.1.3/ext/json/generator'
make[2]: Entering directory `/root/ICanHazArtToo/.rvm/src/ruby-2.1.3/ext/json/parser'
linking shared-object json/ext/parser.so
installing default parser libraries
make[2]: Leaving directory `/root/ICanHazArtToo/.rvm/src/ruby-2.1.3/ext/json/parser'
make[2]: Entering directory `/root/ICanHazArtToo/.rvm/src/ruby-2.1.3/ext/mathn/complex'
installing default complex libraries
make[2]: Leaving directory `/root/ICanHazArtToo/.rvm/src/ruby-2.1.3/ext/mathn/complex'
make[2]: Entering directory `/root/ICanHazArtToo/.rvm/src/ruby-2.1.3/ext/mathn/rational'
installing default rational libraries
make[2]: Leaving directory `/root/ICanHazArtToo/.rvm/src/ruby-2.1.3/ext/mathn/rational'
make[2]: Entering directory `/root/ICanHazArtToo/.rvm/src/ruby-2.1.3/ext/nkf'
installing default nkf libraries
make[2]: Leaving directory `/root/ICanHazArtToo/.rvm/src/ruby-2.1.3/ext/nkf'
make[2]: Entering directory `/root/ICanHazArtToo/.rvm/src/ruby-2.1.3/ext/objspace'
installing default objspace libraries
make[2]: Leaving directory `/root/ICanHazArtToo/.rvm/src/ruby-2.1.3/ext/objspace'
make[2]: Entering directory `/root/ICanHazArtToo/.rvm/src/ruby-2.1.3/ext/openssl'
installing default openssl libraries
make[2]: Leaving directory `/root/ICanHazArtToo/.rvm/src/ruby-2.1.3/ext/openssl'
make[2]: Entering directory `/root/ICanHazArtToo/.rvm/src/ruby-2.1.3/ext/pathname'
installing default pathname libraries
make[2]: Leaving directory `/root/ICanHazArtToo/.rvm/src/ruby-2.1.3/ext/pathname'
make[2]: Entering directory `/root/ICanHazArtToo/.rvm/src/ruby-2.1.3/ext/psych'
installing default psych libraries
make[2]: Leaving directory `/root/ICanHazArtToo/.rvm/src/ruby-2.1.3/ext/psych'
make[2]: Entering directory `/root/ICanHazArtToo/.rvm/src/ruby-2.1.3/ext/pty'
installing default pty libraries
make[2]: Leaving directory `/root/ICanHazArtToo/.rvm/src/ruby-2.1.3/ext/pty'
make[2]: Entering directory `/root/ICanHazArtToo/.rvm/src/ruby-2.1.3/ext/racc/cparse'
installing default cparse libraries
make[2]: Leaving directory `/root/ICanHazArtToo/.rvm/src/ruby-2.1.3/ext/racc/cparse'
make[2]: Entering directory `/root/ICanHazArtToo/.rvm/src/ruby-2.1.3/ext/rbconfig/sizeof'
installing default sizeof libraries
make[2]: Leaving directory `/root/ICanHazArtToo/.rvm/src/ruby-2.1.3/ext/rbconfig/sizeof'
make[2]: Entering directory `/root/ICanHazArtToo/.rvm/src/ruby-2.1.3/ext/readline'
installing default readline libraries
make[2]: Leaving directory `/root/ICanHazArtToo/.rvm/src/ruby-2.1.3/ext/readline'
make[2]: Entering directory `/root/ICanHazArtToo/.rvm/src/ruby-2.1.3/ext/ripper'
linking shared-object ripper.so
installing default ripper libraries
checking ../.././parse.y and ../.././ext/ripper/eventids2.c
make[2]: Leaving directory `/root/ICanHazArtToo/.rvm/src/ruby-2.1.3/ext/ripper'
make[2]: Entering directory `/root/ICanHazArtToo/.rvm/src/ruby-2.1.3/ext/sdbm'
installing default sdbm libraries
make[2]: Leaving directory `/root/ICanHazArtToo/.rvm/src/ruby-2.1.3/ext/sdbm'
make[2]: Entering directory `/root/ICanHazArtToo/.rvm/src/ruby-2.1.3/ext/socket'
linking shared-object socket.so
installing default socket libraries
make[2]: Leaving directory `/root/ICanHazArtToo/.rvm/src/ruby-2.1.3/ext/socket'
make[2]: Entering directory `/root/ICanHazArtToo/.rvm/src/ruby-2.1.3/ext/stringio'
installing default stringio libraries
make[2]: Leaving directory `/root/ICanHazArtToo/.rvm/src/ruby-2.1.3/ext/stringio'
make[2]: Entering directory `/root/ICanHazArtToo/.rvm/src/ruby-2.1.3/ext/strscan'
installing default strscan libraries
make[2]: Leaving directory `/root/ICanHazArtToo/.rvm/src/ruby-2.1.3/ext/strscan'
make[2]: Entering directory `/root/ICanHazArtToo/.rvm/src/ruby-2.1.3/ext/syslog'
installing default syslog libraries
make[2]: Leaving directory `/root/ICanHazArtToo/.rvm/src/ruby-2.1.3/ext/syslog'
make[2]: Entering directory `/root/ICanHazArtToo/.rvm/src/ruby-2.1.3/ext/thread'
installing default thread libraries
make[2]: Leaving directory `/root/ICanHazArtToo/.rvm/src/ruby-2.1.3/ext/thread'
make[2]: Entering directory `/root/ICanHazArtToo/.rvm/src/ruby-2.1.3/ext/tk'
make[2]: Nothing to be done for `all'.
make[2]: Leaving directory `/root/ICanHazArtToo/.rvm/src/ruby-2.1.3/ext/tk'
make[2]: Entering directory `/root/ICanHazArtToo/.rvm/src/ruby-2.1.3/ext/tk/tkutil'
make[2]: Nothing to be done for `all'.
make[2]: Leaving directory `/root/ICanHazArtToo/.rvm/src/ruby-2.1.3/ext/tk/tkutil'
make[2]: Entering directory `/root/ICanHazArtToo/.rvm/src/ruby-2.1.3/ext/win32'
make[2]: Nothing to be done for `all'.
make[2]: Leaving directory `/root/ICanHazArtToo/.rvm/src/ruby-2.1.3/ext/win32'
make[2]: Entering directory `/root/ICanHazArtToo/.rvm/src/ruby-2.1.3/ext/win32ole'
make[2]: Nothing to be done for `all'.
make[2]: Leaving directory `/root/ICanHazArtToo/.rvm/src/ruby-2.1.3/ext/win32ole'
make[2]: Entering directory `/root/ICanHazArtToo/.rvm/src/ruby-2.1.3/ext/zlib'
installing default zlib libraries
make[2]: Leaving directory `/root/ICanHazArtToo/.rvm/src/ruby-2.1.3/ext/zlib'
make[2]: Entering directory `/root/ICanHazArtToo/.rvm/src/ruby-2.1.3'
make[2]: `ruby' is up to date.
make[2]: Leaving directory `/root/ICanHazArtToo/.rvm/src/ruby-2.1.3'
make[1]: Leaving directory `/root/ICanHazArtToo/.rvm/src/ruby-2.1.3'
./miniruby -I./lib -I. -I.ext/common  ./tool/runruby.rb --extout=.ext  -- --disable-gems -r./i686-linux-fake ./tool/rbinstall.rb --make="make" --dest-dir="" --extout=".ext" --mflags="" --make-flags="" --data-mode=0644 --prog-mode=0755 --installed-list .installed.list --mantype="doc"
installing binary commands:   /root/ICanHazArtToo/.rvm/rubies/ruby-2.1.3/bin
installing base libraries:    /root/ICanHazArtToo/.rvm/rubies/ruby-2.1.3/lib
installing arch files:        /root/ICanHazArtToo/.rvm/rubies/ruby-2.1.3/lib/ruby/2.1.0/i686-linux
installing pkgconfig data:    /root/ICanHazArtToo/.rvm/rubies/ruby-2.1.3/lib/pkgconfig
installing command scripts:   /root/ICanHazArtToo/.rvm/rubies/ruby-2.1.3/bin
installing library scripts:   /root/ICanHazArtToo/.rvm/rubies/ruby-2.1.3/lib/ruby/2.1.0
installing common headers:    /root/ICanHazArtToo/.rvm/rubies/ruby-2.1.3/include/ruby-2.1.0
installing manpages:          /root/ICanHazArtToo/.rvm/rubies/ruby-2.1.3/share/man/man1
installing extension objects: /root/ICanHazArtToo/.rvm/rubies/ruby-2.1.3/lib/ruby/2.1.0/i686-linux
installing extension objects: /root/ICanHazArtToo/.rvm/rubies/ruby-2.1.3/lib/ruby/site_ruby/2.1.0/i686-linux
installing extension objects: /root/ICanHazArtToo/.rvm/rubies/ruby-2.1.3/lib/ruby/vendor_ruby/2.1.0/i686-linux
installing extension headers: /root/ICanHazArtToo/.rvm/rubies/ruby-2.1.3/include/ruby-2.1.0/i686-linux
installing extension scripts: /root/ICanHazArtToo/.rvm/rubies/ruby-2.1.3/lib/ruby/2.1.0
installing extension scripts: /root/ICanHazArtToo/.rvm/rubies/ruby-2.1.3/lib/ruby/site_ruby/2.1.0
installing extension scripts: /root/ICanHazArtToo/.rvm/rubies/ruby-2.1.3/lib/ruby/vendor_ruby/2.1.0
installing extension headers: /root/ICanHazArtToo/.rvm/rubies/ruby-2.1.3/include/ruby-2.1.0/ruby
installing default gems:      /root/ICanHazArtToo/.rvm/rubies/ruby-2.1.3/lib/ruby/gems/2.1.0 (build_info, cache, doc, extensions, gems, specifications)
                              bigdecimal 1.2.4
                              io-console 0.4.2
                              json 1.8.1
                              minitest 4.7.5
                              psych 2.0.5
                              rake 10.1.0
                              rdoc 4.1.0
                              test-unit 2.1.3.0
