[2014-11-01 21:57:25] __rvm_post_configure_ruby
__rvm_post_configure_ruby () 
{ 
    __rvm_post_configure_ruby_fix_athlon_sse2;
    __rvm_post_configure_ruby_update_setup
}
current path: /root/ICanHazArtToo/.rvm/src/ruby-2.1.3
PATH=/usr/local/heroku/bin:/usr/local/sbin:/usr/local/bin:/usr/sbin:/usr/bin:/sbin:/bin:/root/eb/AWS-ElasticBeanstalk-CLI-2.6.0/eb/linux/python2.7/:/usr/local/rvm/bin
GEM_PATH=/usr/local/rvm/gems/ruby-1.9.3-p327:/usr/local/rvm/gems/ruby-1.9.3-p327@global
command(1): __rvm_post_configure_ruby
+++ __rvm_post_configure_ruby_fix_athlon_sse2
+++ [[ -f /proc/cpuinfo ]]
+++ [[ -f Makefile ]]
+++ __rvm_grep '^XCFLAGS = .*-msse2' Makefile
+++ GREP_OPTIONS=
+++ command grep '^XCFLAGS = .*-msse2' Makefile
+++ grep '^XCFLAGS = .*-msse2' Makefile
+++ __rvm_grep '^flags.*sse2' /proc/cpuinfo
+++ GREP_OPTIONS=
+++ command grep '^flags.*sse2' /proc/cpuinfo
+++ grep '^flags.*sse2' /proc/cpuinfo
flags		: fpu de tsc msr pae cx8 apic cmov pat clflush mmx fxsr sse sse2 ss ht nx constant_tsc nonstop_tsc pni ssse3 sse4_1 sse4_2 popcnt hypervisor ida arat epb dtherm
flags		: fpu de tsc msr pae cx8 apic cmov pat clflush mmx fxsr sse sse2 ss ht nx constant_tsc nonstop_tsc pni ssse3 sse4_1 sse4_2 popcnt hypervisor ida arat epb dtherm
flags		: fpu de tsc msr pae cx8 apic cmov pat clflush mmx fxsr sse sse2 ss ht nx constant_tsc nonstop_tsc pni ssse3 sse4_1 sse4_2 popcnt hypervisor ida arat epb dtherm
flags		: fpu de tsc msr pae cx8 apic cmov pat clflush mmx fxsr sse sse2 ss ht nx constant_tsc nonstop_tsc pni ssse3 sse4_1 sse4_2 popcnt hypervisor ida arat epb dtherm
flags		: fpu de tsc msr pae cx8 apic cmov pat clflush mmx fxsr sse sse2 ss ht nx constant_tsc nonstop_tsc pni ssse3 sse4_1 sse4_2 popcnt hypervisor ida arat epb dtherm
flags		: fpu de tsc msr pae cx8 apic cmov pat clflush mmx fxsr sse sse2 ss ht nx constant_tsc nonstop_tsc pni ssse3 sse4_1 sse4_2 popcnt hypervisor ida arat epb dtherm
flags		: fpu de tsc msr pae cx8 apic cmov pat clflush mmx fxsr sse sse2 ss ht nx constant_tsc nonstop_tsc pni ssse3 sse4_1 sse4_2 popcnt hypervisor ida arat epb dtherm
flags		: fpu de tsc msr pae cx8 apic cmov pat clflush mmx fxsr sse sse2 ss ht nx constant_tsc nonstop_tsc pni ssse3 sse4_1 sse4_2 popcnt hypervisor ida arat epb dtherm
+++ __rvm_post_configure_ruby_update_setup
+++ typeset option
+++ ((  0 == 1  ))
